<?xml version="1.0" encoding="UTF-8"?>
<testng-results ignored="6" total="10" passed="4" failed="0" skipped="0">
  <reporter-output>
  </reporter-output>
  <suite started-at="2022-08-12T15:29:49 IST" name="Sanity Test" finished-at="2022-08-12T15:29:53 IST" duration-ms="3486">
    <groups>
    </groups>
    <test started-at="2022-08-12T15:29:49 IST" name="API Test" finished-at="2022-08-12T15:29:53 IST" duration-ms="3486">
      <class name="testCases.SignUpAPI">
        <test-method is-config="true" signature="setExtentReport()[pri:0, instance:testCases.SignUpAPI@2df9b86]" started-at="2022-08-12T15:29:49 IST" name="setExtentReport" finished-at="2022-08-12T15:29:49 IST" duration-ms="133" status="PASS">
          <reporter-output>
          </reporter-output>
        </test-method> <!-- setExtentReport -->
        <test-method signature="test()[pri:0, instance:testCases.SignUpAPI@2df9b86]" started-at="2022-08-12T15:29:49 IST" name="test" finished-at="2022-08-12T15:29:51 IST" duration-ms="1681" status="PASS">
          <reporter-output>
          </reporter-output>
        </test-method> <!-- test -->
        <test-method is-config="true" signature="endReport()[pri:0, instance:testCases.SignUpAPI@2df9b86]" started-at="2022-08-12T15:29:53 IST" name="endReport" finished-at="2022-08-12T15:29:53 IST" duration-ms="164" status="PASS">
          <reporter-output>
          </reporter-output>
        </test-method> <!-- endReport -->
      </class> <!-- testCases.SignUpAPI -->
      <class name="testCases.GetCountryList">
        <test-method signature="test()[pri:2, instance:testCases.GetCountryList@24fcf36f]" started-at="2022-08-12T15:29:52 IST" name="test" finished-at="2022-08-12T15:29:52 IST" duration-ms="608" status="PASS">
          <reporter-output>
          </reporter-output>
        </test-method> <!-- test -->
      </class> <!-- testCases.GetCountryList -->
      <class name="testCases.GetOverViewDetails">
        <test-method signature="test()[pri:1, instance:testCases.GetOverViewDetails@7ea9e1e2]" started-at="2022-08-12T15:29:51 IST" name="test" finished-at="2022-08-12T15:29:52 IST" duration-ms="772" status="PASS">
          <reporter-output>
          </reporter-output>
        </test-method> <!-- test -->
      </class> <!-- testCases.GetOverViewDetails -->
      <class name="testCases.GetBankDetails">
        <test-method signature="test()[pri:1, instance:testCases.GetBankDetails@10feca44]" started-at="2022-08-12T15:29:52 IST" name="test" finished-at="2022-08-12T15:29:53 IST" duration-ms="407" status="PASS">
          <reporter-output>
          </reporter-output>
        </test-method> <!-- test -->
      </class> <!-- testCases.GetBankDetails -->
    </test> <!-- API Test -->
  </suite> <!-- Sanity Test -->
</testng-results>
