<?xml version="1.0" encoding="UTF-8"?>
<!-- Generated by org.testng.reporters.JUnitXMLReporter -->
<testsuite ignored="6" hostname="LT30012" failures="0" tests="4" name="API Test" time="3.486" errors="0" timestamp="2022-08-12T15:29:53 IST">
  <testcase classname="testCases.SignUpAPI" name="test" time="1.681"/>
  <testcase classname="testCases.GetOverViewDetails" name="test" time="0.772"/>
  <testcase classname="testCases.GetCountryList" name="test" time="0.608"/>
  <testcase classname="testCases.GetBankDetails" name="test" time="0.407"/>
  <testcase classname="BaseURIsAndHeaders.Reports" name="@AfterSuite endReport" time="0.0">
    <ignored/>
  </testcase> <!-- @AfterSuite endReport -->
  <testcase classname="BaseURIsAndHeaders.Reports" name="@AfterSuite endReport" time="0.0">
    <ignored/>
  </testcase> <!-- @AfterSuite endReport -->
  <testcase classname="BaseURIsAndHeaders.Reports" name="@AfterSuite endReport" time="0.0">
    <ignored/>
  </testcase> <!-- @AfterSuite endReport -->
  <testcase classname="BaseURIsAndHeaders.Reports" name="@BeforeSuite setExtentReport" time="0.0">
    <ignored/>
  </testcase> <!-- @BeforeSuite setExtentReport -->
  <testcase classname="BaseURIsAndHeaders.Reports" name="@BeforeSuite setExtentReport" time="0.0">
    <ignored/>
  </testcase> <!-- @BeforeSuite setExtentReport -->
  <testcase classname="BaseURIsAndHeaders.Reports" name="@BeforeSuite setExtentReport" time="0.0">
    <ignored/>
  </testcase> <!-- @BeforeSuite setExtentReport -->
</testsuite> <!-- API Test -->
